<?xml version="1.0" encoding="UTF-8"?>
<!-- Generated by org.testng.reporters.JUnitReportReporter -->
<testsuite hostname="7XITD-AZ39N" failures="0" tests="12" name="tests.login_tests" time="95.929" errors="0" timestamp="2025-01-28T19:43:07 GMT+04:00" skipped="0">
  <testcase classname="tests.login_tests" name="loginSuccessfullyTest" time="8.734"/>
  <system-out/>
  <testcase classname="tests.login_tests" name="loginUnsuccessfullyTest1" time="7.532"/>
  <system-out/>
  <testcase classname="tests.login_tests" name="loginUnsuccessfullyTest2" time="7.869"/>
  <system-out/>
  <testcase classname="tests.login_tests" name="loginUnsuccessfullyTest3" time="8.329"/>
  <system-out/>
  <testcase classname="tests.login_tests" name="loginUnsuccessfullyTest4" time="6.781"/>
  <system-out/>
  <testcase classname="tests.login_tests" name="loginUnsuccessfullyTest5" time="8.221"/>
  <system-out/>
  <testcase classname="tests.login_tests" name="loginUnsuccessfullyTest6" time="7.040"/>
  <system-out/>
  <testcase classname="tests.login_tests" name="loginUnsuccessfullyTest7" time="6.724"/>
  <system-out/>
  <testcase classname="tests.login_tests" name="ResetPassword" time="6.983"/>
  <system-out/>
  <testcase classname="tests.login_tests" name="forgotPasswordSuccessfully" time="7.966"/>
  <system-out/>
  <testcase classname="tests.login_tests" name="InvalidEmail" time="6.990"/>
  <system-out/>
  <testcase classname="tests.login_tests" name="Logout" time="12.760"/>
  <system-out/>
</testsuite> <!-- tests.login_tests -->
